Base path: D:/code/Editor/Data
Cmd: initializeCompiler
Cmd: preprocess
  insize=5506 outsize=980 ok=1
Cmd: preprocess
  insize=2525 outsize=284 ok=1
Cmd: preprocess
  insize=1143 outsize=245 ok=1
Cmd: preprocess
  insize=1646 outsize=306 ok=1
Cmd: preprocess
  insize=1674 outsize=286 ok=1
Cmd: preprocess
  insize=8172 outsize=2081 ok=1
Cmd: compileCompute
  api=4 insize=4129 outsize=8333 ok=1
Cmd: compileCompute
  api=4 insize=4129 outsize=8333 ok=1
Cmd: compileCompute
  api=4 insize=3203 outsize=5705 ok=1
Cmd: compileCompute
  api=4 insize=1757 outsize=2873 ok=1
Cmd: compileCompute
  api=4 insize=3203 outsize=5705 ok=1
Cmd: preprocess
  insize=5506 outsize=980 ok=1
Cmd: preprocess
  insize=2525 outsize=284 ok=1
Cmd: preprocess
  insize=1143 outsize=245 ok=1
Cmd: preprocess
  insize=1646 outsize=306 ok=1
Cmd: preprocess
  insize=1674 outsize=286 ok=1
